C:\DirectX12\Chapter8\BasicPixelShader.hlsl(10,21-45): warning X3206: 'dot': implicit truncation of vector type
C:\DirectX12\Chapter8\BasicPixelShader.hlsl(13,28-52): warning X3206: 'dot': implicit truncation of vector type
C:\DirectX12\Chapter8\BasicPixelShader.hlsl(39,12-28): warning X3206: implicit truncation of vector type
  
  compilation object save succeeded; see C:\DirectX12\LearningDirectX12\x64\Debug\BasicPixelShader.cso
C:\DirectX12\Chapter8\BasicVertexShader.hlsl(13,35-48): warning X3206: 'mul': implicit truncation of vector type
C:\DirectX12\Chapter8\BasicVertexShader.hlsl(13,25-48): warning X3206: implicit truncation of vector type
  
  compilation object save succeeded; see C:\DirectX12\LearningDirectX12\x64\Debug\BasicVertexShader.cso
  main.cpp
C:\DirectX12\Chapter8\main.cpp(141,39): warning C4267: '初期化中': 'size_t' から 'int' に変換しました。データが失われているかもしれません。
C:\DirectX12\Chapter8\main.cpp(142,40): warning C4267: '初期化中': 'size_t' から 'int' に変換しました。データが失われているかもしれません。
C:\DirectX12\Chapter8\main.cpp(185,27): warning C4267: '初期化中': 'size_t' から 'int' に変換しました。データが失われているかもしれません。
C:\DirectX12\Chapter8\main.cpp(198,31): warning C4267: '初期化中': 'size_t' から 'int' に変換しました。データが失われているかもしれません。
C:\DirectX12\Chapter8\main.cpp(251,34): warning C4267: '=': 'size_t' から 'UINT' に変換しました。データが失われているかもしれません。
C:\DirectX12\Chapter8\main.cpp(252,47): warning C4267: '=': 'size_t' から 'UINT16' に変換しました。データが失われているかもしれません。
C:\DirectX12\Chapter8\main.cpp(255,40): warning C4267: '=': 'size_t' から 'UINT16' に変換しました。データが失われているかもしれません。
C:\DirectX12\Chapter8\main.cpp(282,2): warning C4267: '引数': 'size_t' から 'UINT' に変換しました。データが失われているかもしれません。
C:\DirectX12\Chapter8\main.cpp(342,2): warning C4267: '引数': 'size_t' から 'UINT' に変換しました。データが失われているかもしれません。
C:\DirectX12\Chapter8\main.cpp(394,2): warning C4267: '引数': 'size_t' から 'UINT' に変換しました。データが失われているかもしれません。
C:\DirectX12\Chapter8\main.cpp(443,24): warning C4293: '<<': シフト数が負の値であるか、大きすぎます。定義されていない動作です
C:\DirectX12\Chapter8\main.cpp(454,2): warning C4267: '引数': 'size_t' から 'UINT' に変換しました。データが失われているかもしれません。
C:\DirectX12\Chapter8\main.cpp(667,38): warning C4267: '=': 'size_t' から 'UINT' に変換しました。データが失われているかもしれません。
C:\DirectX12\Chapter8\main.cpp(819,58): warning C4267: '=': 'size_t' から 'UINT' に変換しました。データが失われているかもしれません。
C:\DirectX12\Chapter8\main.cpp(866,43): warning C4267: '=': 'size_t' から 'UINT' に変換しました。データが失われているかもしれません。
C:\DirectX12\Chapter8\main.cpp(882,20): warning C4018: '<': signed と unsigned の数値を比較しようとしました。
C:\DirectX12\Chapter8\main.cpp(1282,44): warning C4244: '=': 'UINT64' から 'UINT' への変換です。データが失われる可能性があります。
  Chapter8.vcxproj -> C:\DirectX12\LearningDirectX12\x64\Debug\Chapter8.exe
